# JRE version: OpenJDK Runtime Environment Temurin-11.0.18+10 (11.0.18+10) (build 11.0.18+10)
# Java VM: OpenJDK 64-Bit Server VM Temurin-11.0.18+10 (11.0.18+10, mixed mode, tiered, compressed oops, g1 gc, windows-amd64)
Heap:
 garbage-first heap   total 131072K, used 12939K [0x0000000081800000, 0x0000000100000000)
  region size 1024K, 6 young (6144K), 5 survivors (5120K)
 Metaspace       used 20702K, capacity 21235K, committed 21376K, reserved 1077248K
  class space    used 2099K, capacity 2315K, committed 2432K, reserved 1048576K
GC Heap History (8 events):
Event: 0.726 GC heap before
{Heap before GC invocations=0 (full 0):
 garbage-first heap   total 131072K, used 13312K [0x0000000081800000, 0x0000000100000000)
  region size 1024K, 14 young (14336K), 0 survivors (0K)
 Metaspace       used 7475K, capacity 7613K, committed 7680K, reserved 1056768K
  class space    used 642K, capacity 706K, committed 768K, reserved 1048576K
}
Event: 0.733 GC heap after
{Heap after GC invocations=1 (full 0):
 garbage-first heap   total 131072K, used 6575K [0x0000000081800000, 0x0000000100000000)
  region size 1024K, 2 young (2048K), 2 survivors (2048K)
 Metaspace       used 7475K, capacity 7613K, committed 7680K, reserved 1056768K
  class space    used 642K, capacity 706K, committed 768K, reserved 1048576K
}
Event: 1.994 GC heap before
{Heap before GC invocations=1 (full 0):
 garbage-first heap   total 131072K, used 17839K [0x0000000081800000, 0x0000000100000000)
  region size 1024K, 13 young (13312K), 2 survivors (2048K)
 Metaspace       used 12112K, capacity 12367K, committed 12544K, reserved 1060864K
  class space    used 1155K, capacity 1250K, committed 1280K, reserved 1048576K
}
Event: 1.999 GC heap after
{Heap after GC invocations=2 (full 0):
 garbage-first heap   total 131072K, used 7876K [0x0000000081800000, 0x0000000100000000)
  region size 1024K, 2 young (2048K), 2 survivors (2048K)
 Metaspace       used 12112K, capacity 12367K, committed 12544K, reserved 1060864K
  class space    used 1155K, capacity 1250K, committed 1280K, reserved 1048576K
}
Event: 3.046 GC heap before
{Heap before GC invocations=2 (full 0):
 garbage-first heap   total 131072K, used 35524K [0x0000000081800000, 0x0000000100000000)
  region size 1024K, 29 young (29696K), 2 survivors (2048K)
 Metaspace       used 17519K, capacity 17960K, committed 18176K, reserved 1064960K
  class space    used 1771K, capacity 1967K, committed 2048K, reserved 1048576K
}
Event: 3.055 GC heap after
{Heap after GC invocations=3 (full 0):
 garbage-first heap   total 131072K, used 10431K [0x0000000081800000, 0x0000000100000000)
  region size 1024K, 4 young (4096K), 4 survivors (4096K)
 Metaspace       used 17519K, capacity 17960K, committed 18176K, reserved 1064960K
  class space    used 1771K, capacity 1967K, committed 2048K, reserved 1048576K
}
Event: 3.878 GC heap before
{Heap before GC invocations=3 (full 0):
 garbage-first heap   total 131072K, used 36031K [0x0000000081800000, 0x0000000100000000)
  region size 1024K, 30 young (30720K), 4 survivors (4096K)
 Metaspace       used 20693K, capacity 21203K, committed 21248K, reserved 1069056K
  class space    used 2097K, capacity 2283K, committed 2304K, reserved 1048576K
}
Event: 3.892 GC heap after
{Heap after GC invocations=4 (full 0):
 garbage-first heap   total 131072K, used 12939K [0x0000000081800000, 0x0000000100000000)
  region size 1024K, 5 young (5120K), 5 survivors (5120K)
 Metaspace       used 20693K, capacity 21203K, committed 21248K, reserved 1069056K
  class space    used 2097K, capacity 2283K, committed 2304K, reserved 1048576K
}

